<?xml version="1.0" encoding="UTF-8"?>
<!-- Generated by org.testng.reporters.JUnitReportReporter -->
<testsuite hostname="Ganesh" name="sampled.NewTest" tests="1" failures="0" timestamp="31 May 2019 09:47:46 GMT" time="52.122" errors="0">
  <testcase name="testGoogleTitle" time="52.122" classname="sampled.NewTest"/>
</testsuite> <!-- sampled.NewTest -->
